STEP to UG
! INFO-     NX STEP AP203 - V12.0
! INFO-      
! INFO-     Start of Translation: 15-JUL-2018  5:52:21 PM
! INFO-      
! STATUS-   Converting Part: H:\CNC-File\2018-7\灿坤\2443\Raw-File\2443降面模具图\3D\2443.stp
! SUMMARY-   
! SUMMARY-    STEP Header Information
! SUMMARY-   
! SUMMARY-  Description      Unknown
! SUMMARY-  Imp_Level        2;1
! SUMMARY-  File_Name        MFG0001_ASM
! SUMMARY-  Date             2018-07-12T
! SUMMARY-  Author           Administrator
! SUMMARY-  Organization     Unknown
! SUMMARY-  Pre_Version      CREO PARAMETRIC BY PTC INC, 2014190
! SUMMARY-  Orig_System      CREO PARAMETRIC BY PTC INC, 2014190
! SUMMARY-  Authorization    Unknown
! SUMMARY-  Schema_ID        ap203_configuration_controlled_3d_design_of_mechanical_parts_and_assemblies_mim_lf
! SUMMARY-   
! SUMMARY-    Summary of STEP Entities
! SUMMARY-   
! SUMMARY-  Entity Type                                                   Count
! SUMMARY-  -----------                                                   ------
! SUMMARY-  advanced_brep_shape_representation .........................:      4
! SUMMARY-  advanced_face ..............................................:   1703
! SUMMARY-  application_context ........................................:      1
! SUMMARY-  approval ...................................................:      1
! SUMMARY-  approval_date_time .........................................:      1
! SUMMARY-  approval_person_organization ...............................:      1
! SUMMARY-  approval_role ..............................................:      1
! SUMMARY-  approval_status ............................................:      1
! SUMMARY-  axis2_placement_3d .........................................:   2949
! SUMMARY-  b_spline_curve_with_knots ..................................:    938
! SUMMARY-  b_spline_surface_with_knots_and_rational_b_spline_surface ..:    276
! SUMMARY-  calendar_date ..............................................:      1
! SUMMARY-  cartesian_point ............................................:  22881
! SUMMARY-  cc_design_approval .........................................:      1
! SUMMARY-  cc_design_date_and_time_assignment .........................:      2
! SUMMARY-  cc_design_person_and_organization_assignment ...............:      4
! SUMMARY-  cc_design_security_classification ..........................:      1
! SUMMARY-  circle .....................................................:   1511
! SUMMARY-  closed_shell ...............................................:      4
! SUMMARY-  conical_surface ............................................:    204
! SUMMARY-  context_dependent_shape_representation .....................:      5
! SUMMARY-  conversion_based_unit_and_plane_angle_unit .................:      6
! SUMMARY-  coordinated_universal_time_offset ..........................:      1
! SUMMARY-  cylindrical_surface ........................................:    590
! SUMMARY-  date_and_time ..............................................:      1
! SUMMARY-  date_time_role .............................................:      2
! SUMMARY-  design_context .............................................:      3
! SUMMARY-  direction ..................................................:   7649
! SUMMARY-  edge_curve .................................................:   4200
! SUMMARY-  edge_loop ..................................................:   1740
! SUMMARY-  face_bound .................................................:     37
! SUMMARY-  face_outer_bound ...........................................:   1703
! SUMMARY-  geometric_representation_context_and_global_uncertainty_a ..:      6
! SUMMARY-  item_defined_transformation ................................:      5
! SUMMARY-  length_unit_and_si_unit ....................................:      6
! SUMMARY-  line .......................................................:   1751
! SUMMARY-  local_time .................................................:      1
! SUMMARY-  manifold_solid_brep ........................................:      4
! SUMMARY-  mechanical_context .........................................:      6
! SUMMARY-  next_assembly_usage_occurrence .............................:      5
! SUMMARY-  organization ...............................................:      1
! SUMMARY-  oriented_edge ..............................................:   8400
! SUMMARY-  person .....................................................:      1
! SUMMARY-  person_and_organization ....................................:      1
! SUMMARY-  person_and_organization_role ...............................:      4
! SUMMARY-  plane ......................................................:    447
! SUMMARY-  plane_angle_measure_with_unit ..............................:      6
! SUMMARY-  plane_angle_unit_and_si_unit ...............................:      6
! SUMMARY-  product ....................................................:      6
! SUMMARY-  product_category ...........................................:      2
! SUMMARY-  product_category_relationship ..............................:      2
! SUMMARY-  product_definition .........................................:      6
! SUMMARY-  product_definition_formation_with_specified_source .........:      6
! SUMMARY-  product_definition_shape ...................................:     11
! SUMMARY-  product_related_product_category ...........................:      2
! SUMMARY-  representation_relationship_with_transformation_and_shape ..:      5
! SUMMARY-  security_classification ....................................:      1
! SUMMARY-  security_classification_level ..............................:      1
! SUMMARY-  shape_representation .......................................:      2
! SUMMARY-  si_unit_and_solid_angle_unit ...............................:      6
! SUMMARY-  spherical_surface ..........................................:     48
! SUMMARY-  toroidal_surface ...........................................:    138
! SUMMARY-  uncertainty_measure_with_unit ..............................:      6
! SUMMARY-  vector .....................................................:   1751
! SUMMARY-  vertex_point ...............................................:   2526
! SUMMARY-                                                               -------
! SUMMARY-  Total                                                          61591
! STATUS-    
! STATUS-   Converting to Output Form (Phase 2 of 3): 15-JUL-2018 5:52:21 PM
! STATUS-    
! STATUS-    
! STATUS-   Generating UG geometry and placing them in parts
! STATUS-    
! STATUS-   Creating the UG part (Phase 3 of 3): 15-JUL-2018  5:52:21 PM
! STATUS-    
! STATUS-   Creating UG solid body from Input Ent Id 61525
! STATUS-    
! STATUS-   fixing vertex off curve and/or edge reversed faults
! STATUS-    
! STATUS-   fixing vertex and/or edge off surface faults
! STATUS-    
! STATUS-   simplifying Bsplines to analytics
! STATUS-    
! STATUS-   converting tolerant edges into exact edges
! STATUS-    
! STATUS-   doing final check of body to report any faults
! STATUS-    
! INFO-     Filing Part ..: H:\CNC-File\2018-7\灿坤\2443\Raw-File\2443降面模具图\3D\MOLD_VOL_3
! SUMMARY-   
! SUMMARY-  Summary of Unigraphics Part Entities
! SUMMARY-   
! SUMMARY-  Entities Processed             Count
! SUMMARY-  ------------------             -----
! SUMMARY-  Solid .......................:     1
! SUMMARY-                                 -----
! SUMMARY-  Total                              1
! STATUS-   Creating the UG part (Phase 3 of 3): 15-JUL-2018  5:52:22 PM
! STATUS-    
! STATUS-   Creating UG solid body from Input Ent Id 52924
! STATUS-    
! STATUS-   fixing vertex and/or edge off surface faults
! STATUS-    
! STATUS-   simplifying Bsplines to analytics
! STATUS-    
! STATUS-   converting tolerant edges into exact edges
! STATUS-    
! STATUS-   doing final check of body to report any faults
! STATUS-    
! INFO-     Filing Part ..: H:\CNC-File\2018-7\灿坤\2443\Raw-File\2443降面模具图\3D\MOLD_VOL_2
! SUMMARY-   
! SUMMARY-  Summary of Unigraphics Part Entities
! SUMMARY-   
! SUMMARY-  Entities Processed             Count
! SUMMARY-  ------------------             -----
! SUMMARY-  Solid .......................:     1
! SUMMARY-                                 -----
! SUMMARY-  Total                              1
! STATUS-   Creating the UG part (Phase 3 of 3): 15-JUL-2018  5:52:23 PM
! STATUS-    
! STATUS-   Creating UG solid body from Input Ent Id 36526
! STATUS-    
! STATUS-   fixing vertex off curve and/or edge reversed faults
! STATUS-    
! STATUS-   fixing vertex and/or edge off surface faults
! STATUS-    
! STATUS-   simplifying Bsplines to analytics
! STATUS-    
! STATUS-   converting tolerant edges into exact edges
! STATUS-    
! STATUS-   doing final check of body to report any faults
! STATUS-    
! INFO-     Filing Part ..: H:\CNC-File\2018-7\灿坤\2443\Raw-File\2443降面模具图\3D\MOLD_VOL_1
! SUMMARY-   
! SUMMARY-  Summary of Unigraphics Part Entities
! SUMMARY-   
! SUMMARY-  Entities Processed             Count
! SUMMARY-  ------------------             -----
! SUMMARY-  Solid .......................:     1
! SUMMARY-                                 -----
! SUMMARY-  Total                              1
! STATUS-   Creating the UG part (Phase 3 of 3): 15-JUL-2018  5:52:25 PM
! STATUS-    
! STATUS-   Creating UG solid body from Input Ent Id 18539
! STATUS-    
! STATUS-   fixing vertex off curve and/or edge reversed faults
! STATUS-    
! STATUS-   fixing vertex and/or edge off surface faults
! STATUS-    
! STATUS-   simplifying Bsplines to analytics
! STATUS-    
! STATUS-   converting tolerant edges into exact edges
! STATUS-    
! STATUS-   doing final check of body to report any faults
! STATUS-    
! INFO-     Filing Part ..: H:\CNC-File\2018-7\灿坤\2443\Raw-File\2443降面模具图\3D\MFG0001_REF
! SUMMARY-   
! SUMMARY-  Summary of Unigraphics Part Entities
! SUMMARY-   
! SUMMARY-  Entities Processed             Count
! SUMMARY-  ------------------             -----
! SUMMARY-  Solid .......................:     1
! SUMMARY-                                 -----
! SUMMARY-  Total                              1
! STATUS-   Creating the UG part (Phase 3 of 3): 15-JUL-2018  5:52:27 PM
! INFO-     Filing Part ..: H:\CNC-File\2018-7\灿坤\2443\Raw-File\2443降面模具图\3D\1
! SUMMARY-   
! SUMMARY-  Summary of Unigraphics Part Entities
! SUMMARY-   
! SUMMARY-  Entities Processed             Count
! SUMMARY-  ------------------             -----
! SUMMARY-                                 -----
! SUMMARY-  Total                              0
! STATUS-   Creating the UG part (Phase 3 of 3): 15-JUL-2018  5:52:27 PM
! INFO-     Filing Part ..: H:\CNC-File\2018-7\灿坤\2443\Raw-File\2443降面模具图\3D\2443_stp.prt
! SUMMARY-   
! SUMMARY-  Summary of Unigraphics Part Entities
! SUMMARY-   
! SUMMARY-  Entities Processed             Count
! SUMMARY-  ------------------             -----
! SUMMARY-  Component ...................:     5
! SUMMARY-                                 -----
! SUMMARY-  Total                              5
! INFO-      
! INFO-     Total number of solids input for this translation       :         4
! INFO-      
! INFO-     Number of solids created without body validation faults :         4
! INFO-      
! INFO-     Number of solids created with body validation fault(s)  :         0
! INFO-      
! INFO-     Number of solids ending up as sheet bodies              :         0
! INFO-      
! INFO-     End of Translation: 15-JUL-2018  5:52:27 PM
! INFO-      
