Informational Output for PART: H:\CNC-File\2018-7\灌星\95004-后模仁-电极\E01.prt
Created By:    Administrator
Creation Date: Tue Jul 17 13:07:48 2018
===============================================

+++MOM WARNING+++
Info: 缺少事件处理程序：事件名：WIZD_capful__capful

Informational Output for PART: H:\CNC-File\2018-7\灌星\95004-后模仁-电极\E01.prt
Created By:    Administrator
Creation Date: Tue Jul 17 13:09:03 2018
===============================================

+++MOM WARNING+++
Info: 缺少事件处理程序：事件名：WIZD_capful_edm_______


+++MOM WARNING+++
Info: 缺少事件处理程序：事件名：WIZD_capful_edm______


+++MOM WARNING+++
Info: 缺少事件处理程序：事件名：WIZD_capful_edm______


+++MOM WARNING+++
Info: 缺少事件处理程序：事件名：WIZD_capful________


+++MOM WARNING+++
Info: 缺少事件处理程序：事件名：WIZD_capful________


+++MOM WARNING+++
Info: 缺少事件处理程序：事件名：WIZD_capful_____

Informational Output for PART: H:\CNC-File\2018-7\兴鼎杰\028\028-顶针板.prt
Created By:    Administrator
Creation Date: Tue Jul 17 13:40:28 2018
===============================================

+++MOM WARNING+++
Info: 缺少事件处理程序：事件名：WIZD_capful_____

Informational Output for PART: H:\CNC-File\2018-7\兴鼎杰\027\027-前模框.prt
Created By:    Administrator
Creation Date: Tue Jul 17 13:53:00 2018
===============================================

+++MOM WARNING+++
Info: 缺少事件处理程序：事件名：WIZD_capful__capful

Informational Output for PART: H:\CNC-File\2018-7\兴鼎杰\027\027-前模框.prt
Created By:    Administrator
Creation Date: Tue Jul 17 14:04:29 2018
===============================================

+++MOM WARNING+++
Info: 缺少事件处理程序：事件名：WIZD_capful_______


+++MOM WARNING+++
Info: 缺少事件处理程序：事件名：WIZD_capful____


+++MOM WARNING+++
Info: 缺少事件处理程序：事件名：WIZD_capful____

Informational Output for PART: H:\CNC-File\2018-7\兴鼎杰\028\028-模脚刻字.prt
Created By:    Administrator
Creation Date: Tue Jul 17 14:41:41 2018
===============================================

+++MOM WARNING+++
Info: 缺少事件处理程序：事件名：WIZD_capful__capful

Informational Output for PART: H:\CNC-File\2018-7\兴鼎杰\028\028-模脚刻字.prt
Created By:    Administrator
Creation Date: Tue Jul 17 14:42:13 2018
===============================================

+++MOM WARNING+++
Info: 缺少事件处理程序：事件名：WIZD_capful____

Informational Output for PART: H:\CNC-File\2018-7\兴鼎杰\028\028-模脚刻字.prt
Created By:    Administrator
Creation Date: Tue Jul 17 14:52:31 2018
===============================================

+++MOM WARNING+++
Info: 缺少事件处理程序：事件名：WIZD_capful____

Informational Output for PART: H:\CNC-File\2018-7\兴鼎杰\028\028-模脚刻字.prt
Created By:    Administrator
Creation Date: Tue Jul 17 15:10:01 2018
===============================================

+++MOM WARNING+++
Info: 缺少事件处理程序：事件名：WIZD_capful__capful

